{
  "RSpec": {
    "coverage": {
      "/Users/robertelroy/ruby_projects/capstone/spec/models/order_spec.rb": [
        1,
        null,
        1,
        1,
        1,
        1,
        1,
        1,
        1,
        1,
        null,
        1,
        null,
        null,
        null
      ],
      "/Users/robertelroy/ruby_projects/capstone/spec/rails_helper.rb": [
        null,
        1,
        1,
        1,
        1,
        null,
        null,
        null,
        null,
        null,
        null,
        null,
        null,
        null,
        null,
        null,
        null,
        null,
        null,
        null,
        null,
        null,
        null,
        null,
        1,
        null,
        1,
        null,
        1,
        null,
        null,
        null,
        null,
        1,
        null,
        null,
        null,
        null,
        null,
        null,
        null,
        null,
        null,
        null,
        null,
        null,
        null,
        null,
        1,
        null
      ],
      "/Users/robertelroy/ruby_projects/capstone/config/environment.rb": [
        null,
        1,
        null,
        null,
        1
      ],
      "/Users/robertelroy/ruby_projects/capstone/config/application.rb": [
        1,
        null,
        null,
        1,
        1,
        1,
        1,
        1,
        1,
        null,
        null,
        null,
        null,
        1,
        null,
        1,
        1,
        null,
        null,
        null,
        null,
        null,
        null,
        null,
        null,
        null,
        null,
        null,
        null,
        null
      ],
      "/Users/robertelroy/ruby_projects/capstone/config/boot.rb": [
        null,
        1,
        null,
        1
      ],
      "/Users/robertelroy/ruby_projects/capstone/config/environments/test.rb": [
        1,
        null,
        null,
        null,
        null,
        null,
        null,
        1,
        null,
        null,
        null,
        null,
        1,
        null,
        null,
        1,
        1,
        null,
        null,
        1,
        1,
        null,
        null,
        1,
        null,
        null,
        1,
        null,
        null,
        null,
        null,
        1,
        null,
        null,
        1,
        null,
        null,
        null,
        null
      ],
      "/Users/robertelroy/ruby_projects/capstone/config/initializers/assets.rb": [
        null,
        null,
        null,
        1,
        null,
        null,
        null,
        null
      ],
      "/Users/robertelroy/ruby_projects/capstone/config/initializers/backtrace_silencers.rb": [
        null,
        null,
        null,
        null,
        null,
        null,
        null
      ],
      "/Users/robertelroy/ruby_projects/capstone/config/initializers/cookies_serializer.rb": [
        null,
        null,
        1
      ],
      "/Users/robertelroy/ruby_projects/capstone/config/initializers/devise.rb": [
        null,
        null,
        1,
        null,
        null,
        null,
        null,
        null,
        null,
        null,
        null,
        null,
        1,
        null,
        null,
        null,
        null,
        null,
        null,
        null,
        null,
        1,
        null,
        null,
        null,
        null,
        null,
        null,
        null,
        null,
        null,
        null,
        null,
        null,
        null,
        null,
        null,
        null,
        null,
        null,
        null,
        null,
        null,
        1,
        null,
        null,
        null,
        null,
        1,
        null,
        null,
        null,
        null,
        null,
        null,
        null,
        null,
        null,
        null,
        null,
        null,
        null,
        null,
        null,
        null,
        null,
        null,
        null,
        null,
        null,
        null,
        null,
        null,
        null,
        null,
        null,
        null,
        null,
        null,
        1,
        null,
        null,
        null,
        null,
        null,
        null,
        null,
        null,
        null,
        null,
        null,
        null,
        null,
        null,
        null,
        null,
        1,
        null,
        null,
        null,
        null,
        null,
        null,
        null,
        null,
        null,
        null,
        null,
        null,
        null,
        null,
        null,
        null,
        null,
        null,
        null,
        null,
        null,
        null,
        null,
        null,
        1,
        null,
        null,
        null,
        null,
        null,
        null,
        null,
        null,
        null,
        1,
        null,
        null,
        null,
        null,
        null,
        null,
        null,
        null,
        null,
        null,
        1,
        null,
        null,
        null,
        null,
        null,
        null,
        null,
        null,
        null,
        null,
        null,
        null,
        null,
        null,
        null,
        null,
        null,
        null,
        null,
        null,
        null,
        null,
        null,
        null,
        null,
        null,
        null,
        null,
        null,
        null,
        null,
        null,
        null,
        null,
        null,
        null,
        null,
        null,
        null,
        null,
        null,
        null,
        null,
        null,
        null,
        null,
        null,
        null,
        1,
        null,
        null,
        null,
        null,
        null,
        null,
        null,
        null,
        null,
        null,
        null,
        null,
        null,
        null,
        null,
        null,
        null,
        null,
        null,
        null,
        null,
        null,
        null,
        null,
        null,
        null,
        null,
        null,
        null,
        null,
        null,
        null,
        null,
        null,
        null,
        null,
        null,
        1,
        null,
        null,
        null,
        null,
        null,
        null,
        null,
        null,
        null,
        null,
        null,
        null,
        null,
        null,
        null,
        null,
        null,
        null,
        null,
        null,
        null,
        null,
        null,
        null,
        null,
        null,
        null,
        null,
        null
      ],
      "/Users/robertelroy/ruby_projects/capstone/config/initializers/filter_parameter_logging.rb": [
        null,
        null,
        null,
        1
      ],
      "/Users/robertelroy/ruby_projects/capstone/config/initializers/inflections.rb": [
        null,
        null,
        null,
        null,
        null,
        null,
        null,
        null,
        null,
        null,
        null,
        null,
        null,
        null,
        null,
        null
      ],
      "/Users/robertelroy/ruby_projects/capstone/config/initializers/mime_types.rb": [
        null,
        null,
        null,
        null
      ],
      "/Users/robertelroy/ruby_projects/capstone/config/initializers/session_store.rb": [
        null,
        null,
        1
      ],
      "/Users/robertelroy/ruby_projects/capstone/config/initializers/simple_form.rb": [
        null,
        1,
        null,
        null,
        null,
        null,
        null,
        1,
        null,
        null,
        null,
        null,
        null,
        null,
        null,
        null,
        null,
        1,
        null,
        null,
        null,
        1,
        null,
        null,
        null,
        null,
        null,
        null,
        null,
        null,
        1,
        null,
        null,
        1,
        null,
        null,
        1,
        null,
        null,
        1,
        null,
        null,
        1,
        1,
        1,
        null,
        null,
        null,
        1,
        null,
        null,
        null,
        null,
        null,
        1,
        null,
        null,
        1,
        null,
        null,
        null,
        null,
        null,
        null,
        null,
        1,
        null,
        null,
        1,
        null,
        null,
        null,
        null,
        null,
        null,
        null,
        null,
        null,
        null,
        null,
        null,
        null,
        null,
        null,
        null,
        null,
        null,
        null,
        null,
        null,
        null,
        null,
        null,
        null,
        null,
        null,
        null,
        1,
        null,
        null,
        null,
        null,
        null,
        null,
        null,
        null,
        null,
        null,
        null,
        null,
        null,
        null,
        null,
        1,
        null,
        null,
        null,
        null,
        null,
        null,
        null,
        null,
        null,
        null,
        null,
        null,
        null,
        null,
        null,
        null,
        null,
        null,
        null,
        null,
        null,
        null,
        null,
        null,
        null,
        null,
        null,
        null,
        null,
        null,
        null
      ],
      "/Users/robertelroy/ruby_projects/capstone/config/initializers/simple_form_bootstrap.rb": [
        null,
        1,
        1,
        1,
        1,
        1,
        1,
        1,
        1,
        1,
        null,
        null,
        null,
        1,
        1,
        1,
        1,
        1,
        1,
        1,
        null,
        1,
        1,
        null,
        null,
        null,
        1,
        1,
        1,
        1,
        1,
        1,
        1,
        null,
        1,
        1,
        null,
        null,
        null,
        null,
        null,
        null,
        null,
        1,
        null
      ],
      "/Users/robertelroy/ruby_projects/capstone/config/initializers/stripe.rb": [
        1,
        null,
        null,
        null,
        null,
        1
      ],
      "/Users/robertelroy/ruby_projects/capstone/config/initializers/wrap_parameters.rb": [
        null,
        null,
        null,
        null,
        null,
        null,
        1,
        1,
        null,
        null,
        null,
        null,
        null,
        null
      ],
      "/Users/robertelroy/ruby_projects/capstone/config/routes.rb": [
        1,
        1,
        1,
        1,
        null,
        null,
        null,
        1,
        1,
        1,
        null,
        null,
        null,
        1,
        null,
        1,
        1,
        1,
        null,
        null,
        1,
        1,
        null,
        null,
        null,
        1,
        1,
        1,
        1,
        1,
        1,
        1,
        1,
        1,
        1,
        1,
        1,
        1,
        null,
        null,
        null,
        1,
        1,
        1,
        1,
        1,
        1,
        1,
        1,
        1,
        1,
        1,
        1,
        1,
        null,
        null,
        null,
        null,
        null,
        null,
        null,
        null,
        null,
        null,
        null,
        null,
        null,
        null,
        null,
        null,
        null,
        null,
        null,
        null,
        null,
        null,
        null,
        null,
        null,
        null,
        null,
        null,
        null,
        null,
        null,
        null,
        null,
        null,
        null,
        null,
        null,
        null,
        null,
        null,
        null,
        null,
        null,
        null,
        null,
        null,
        null,
        null,
        null,
        null,
        null,
        null,
        null,
        null,
        null,
        null,
        null,
        null,
        null
      ],
      "/Users/robertelroy/ruby_projects/capstone/app/models/user.rb": [
        1,
        null,
        null,
        1,
        null,
        1,
        null
      ],
      "/Users/robertelroy/ruby_projects/capstone/app/helpers/add_options_helper.rb": [
        1,
        null
      ],
      "/Users/robertelroy/ruby_projects/capstone/app/helpers/api/v1/containers_helper.rb": [
        1,
        null
      ],
      "/Users/robertelroy/ruby_projects/capstone/app/helpers/api/v1/drivers_helper.rb": [
        1,
        null
      ],
      "/Users/robertelroy/ruby_projects/capstone/app/helpers/api/v1/frostbite_flavors_helper.rb": [
        1,
        null
      ],
      "/Users/robertelroy/ruby_projects/capstone/app/helpers/api/v1/frozen_latte_flavors_helper.rb": [
        1,
        null
      ],
      "/Users/robertelroy/ruby_projects/capstone/app/helpers/api/v1/ic_flavors_helper.rb": [
        1,
        null
      ],
      "/Users/robertelroy/ruby_projects/capstone/app/helpers/api/v1/options_helper.rb": [
        1,
        null
      ],
      "/Users/robertelroy/ruby_projects/capstone/app/helpers/api/v1/products_helper.rb": [
        1,
        null
      ],
      "/Users/robertelroy/ruby_projects/capstone/app/helpers/api/v1/smoothie_flavors_helper.rb": [
        1,
        null
      ],
      "/Users/robertelroy/ruby_projects/capstone/app/helpers/api/v1/syrup_flavors_helper.rb": [
        1,
        null
      ],
      "/Users/robertelroy/ruby_projects/capstone/app/helpers/application_helper.rb": [
        1,
        null
      ],
      "/Users/robertelroy/ruby_projects/capstone/app/helpers/carted_products_helper.rb": [
        1,
        null
      ],
      "/Users/robertelroy/ruby_projects/capstone/app/helpers/charges_helper.rb": [
        1,
        null
      ],
      "/Users/robertelroy/ruby_projects/capstone/app/helpers/containers_helper.rb": [
        1,
        null
      ],
      "/Users/robertelroy/ruby_projects/capstone/app/helpers/drivers_helper.rb": [
        1,
        null
      ],
      "/Users/robertelroy/ruby_projects/capstone/app/helpers/frozen_lattes_helper.rb": [
        1,
        null
      ],
      "/Users/robertelroy/ruby_projects/capstone/app/helpers/ice_creams_helper.rb": [
        1,
        null
      ],
      "/Users/robertelroy/ruby_projects/capstone/app/helpers/no_sub_options_helper.rb": [
        1,
        null
      ],
      "/Users/robertelroy/ruby_projects/capstone/app/helpers/orders_helper.rb": [
        1,
        null
      ],
      "/Users/robertelroy/ruby_projects/capstone/app/helpers/products_helper.rb": [
        1,
        null
      ],
      "/Users/robertelroy/ruby_projects/capstone/app/helpers/sizes_helper.rb": [
        1,
        null
      ],
      "/Users/robertelroy/ruby_projects/capstone/app/helpers/smoothies_helper.rb": [
        1,
        null
      ],
      "/Users/robertelroy/ruby_projects/capstone/app/helpers/toppings_helper.rb": [
        1,
        null
      ],
      "/Users/robertelroy/ruby_projects/capstone/app/models/order.rb": [
        1,
        1,
        1,
        1,
        1,
        1,
        null,
        null,
        1,
        1,
        1,
        2,
        null,
        null,
        1,
        null,
        1,
        0,
        0,
        0,
        null,
        0,
        0,
        null,
        1,
        0,
        null,
        null
      ],
      "/Users/robertelroy/ruby_projects/capstone/app/models/product.rb": [
        1,
        1,
        1,
        1,
        1,
        1,
        1,
        1,
        null,
        1,
        null,
        1,
        null,
        1,
        0,
        0,
        0,
        0,
        0,
        0,
        0,
        0,
        0,
        0,
        null,
        0,
        null,
        null,
        null,
        null,
        null,
        null,
        null,
        null,
        null,
        null,
        null,
        null,
        null,
        null,
        null
      ],
      "/Users/robertelroy/ruby_projects/capstone/app/models/carted_product.rb": [
        1,
        1,
        1,
        1,
        1,
        1,
        1,
        1,
        1,
        1,
        1,
        null,
        1,
        1,
        null,
        1,
        0,
        0,
        0,
        0,
        0,
        0,
        0,
        0,
        0,
        0,
        null,
        0,
        null,
        null,
        null
      ]
    },
    "timestamp": 1420057996
  }
}
